<?xml version="1.0" encoding="UTF-8"?>
<coverage generated="1458701910">
  <project timestamp="1458701910">
    <package name="Jimigrunge\InvokePrivateMethods">
      <file name="/Users/jgrundner/Repository/package-studio/jimigrunge/invoke-private-methods/src/BadMethodCallException.php">
        <class name="BadMethodCallException" namespace="Jimigrunge\InvokePrivateMethods">
          <metrics methods="0" coveredmethods="0" conditionals="0" coveredconditionals="0" statements="0" coveredstatements="0" elements="0" coveredelements="0"/>
        </class>
        <metrics loc="9" ncloc="9" classes="1" methods="0" coveredmethods="0" conditionals="0" coveredconditionals="0" statements="0" coveredstatements="0" elements="0" coveredelements="0"/>
      </file>
      <file name="/Users/jgrundner/Repository/package-studio/jimigrunge/invoke-private-methods/src/InvokePrivateMethod.php">
        <class name="InvokePrivateMethod" namespace="Jimigrunge\InvokePrivateMethods" fullPackage="Jimigrunge" package="Jimigrunge">
          <metrics methods="1" coveredmethods="1" conditionals="0" coveredconditionals="0" statements="1" coveredstatements="1" elements="2" coveredelements="2"/>
        </class>
        <line num="13" type="method" name="__construct" crap="1" count="2"/>
        <line num="15" type="stmt" count="2"/>
        <metrics loc="16" ncloc="12" classes="1" methods="1" coveredmethods="1" conditionals="0" coveredconditionals="0" statements="1" coveredstatements="1" elements="2" coveredelements="2"/>
      </file>
    </package>
    <file name="/Users/jgrundner/Repository/package-studio/jimigrunge/invoke-private-methods/src/ExceptionInterface.php">
      <metrics loc="10" ncloc="10" classes="0" methods="0" coveredmethods="0" conditionals="0" coveredconditionals="0" statements="0" coveredstatements="0" elements="0" coveredelements="0"/>
    </file>
    <package name="Jimigrunge\InvokePrivateMethods\Traits">
      <file name="/Users/jgrundner/Repository/package-studio/jimigrunge/invoke-private-methods/src/Traits/InvokePrivateMethodTrait.php">
        <class name="InvokePrivateMethodTrait" namespace="Jimigrunge\InvokePrivateMethods\Traits" fullPackage="Jimigrunge" package="Jimigrunge">
          <metrics methods="2" coveredmethods="2" conditionals="0" coveredconditionals="0" statements="7" coveredstatements="7" elements="9" coveredelements="9"/>
        </class>
        <line num="22" type="method" name="invokeMethod" crap="1" count="6"/>
        <line num="24" type="stmt" count="6"/>
        <line num="36" type="method" name="invoke" crap="2" count="6"/>
        <line num="40" type="stmt" count="6"/>
        <line num="41" type="stmt" count="2"/>
        <line num="42" type="stmt" count="2"/>
        <line num="43" type="stmt" count="2"/>
        <line num="47" type="stmt" count="4"/>
        <line num="49" type="stmt" count="4"/>
        <metrics loc="51" ncloc="29" classes="1" methods="2" coveredmethods="2" conditionals="0" coveredconditionals="0" statements="7" coveredstatements="7" elements="9" coveredelements="9"/>
      </file>
    </package>
    <metrics files="4" loc="86" ncloc="60" classes="3" methods="3" coveredmethods="3" conditionals="0" coveredconditionals="0" statements="8" coveredstatements="8" elements="11" coveredelements="11"/>
  </project>
</coverage>
